\BOOKMARK [1][-]{section*.2}{\376\377\000R\000e\000v\000i\000s\000i\000o\000n\000\040\000H\000i\000s\000t\000o\000r\000y}{}% 1
\BOOKMARK [0][-]{chapter.1}{\376\377\000I\000n\000t\000r\000o\000d\000u\000c\000t\000i\000o\000n}{}% 2
\BOOKMARK [1][-]{section.1.1}{\376\377\000P\000u\000r\000p\000o\000s\000e}{chapter.1}% 3
\BOOKMARK [1][-]{section.1.2}{\376\377\000P\000r\000o\000d\000u\000c\000t\000\040\000S\000c\000o\000p\000e}{chapter.1}% 4
\BOOKMARK [1][-]{section.1.3}{\376\377\000R\000e\000f\000e\000r\000e\000n\000c\000e\000s}{chapter.1}% 5
\BOOKMARK [0][-]{chapter.2}{\376\377\000R\000e\000q\000u\000i\000r\000e\000m\000e\000n\000t\000s}{}% 6
\BOOKMARK [1][-]{section.2.1}{\376\377\000S\000a\000f\000e\000t\000y}{chapter.2}% 7
\BOOKMARK [1][-]{section.2.2}{\376\377\000K\000e\000y\000b\000o\000a\000r\000d}{chapter.2}% 8
\BOOKMARK [2][-]{subsection.2.2.1}{\376\377\000K\000e\000y\000s\000w\000i\000t\000c\000h\000e\000s}{section.2.2}% 9
\BOOKMARK [2][-]{subsection.2.2.2}{\376\377\000L\000E\000D\000\040\000L\000i\000g\000h\000t\000i\000n\000g}{section.2.2}% 10
\BOOKMARK [1][-]{section.2.3}{\376\377\000P\000o\000w\000e\000r}{chapter.2}% 11
\BOOKMARK [1][-]{section.2.4}{\376\377\000M\000i\000c\000r\000o\000c\000o\000n\000t\000r\000o\000l\000l\000e\000r}{chapter.2}% 12
\BOOKMARK [1][-]{section.2.5}{\376\377\000U\000S\000B\000\040\000H\000u\000b}{chapter.2}% 13
\BOOKMARK [2][-]{subsection.2.5.1}{\376\377\000U\000S\000B\000\040\000C\000o\000n\000t\000r\000o\000l\000l\000e\000r}{section.2.5}% 14
\BOOKMARK [2][-]{subsection.2.5.2}{\376\377\000U\000p\000s\000t\000r\000e\000a\000m\000\040\000P\000o\000r\000t}{section.2.5}% 15
\BOOKMARK [2][-]{subsection.2.5.3}{\376\377\000D\000o\000w\000n\000s\000t\000r\000e\000a\000m\000\040\000P\000o\000r\000t\000s}{section.2.5}% 16
\BOOKMARK [0][-]{chapter.3}{\376\377\000A\000r\000c\000h\000i\000t\000e\000c\000t\000u\000r\000e}{}% 17
\BOOKMARK [1][-]{section.3.1}{\376\377\000I\000n\000t\000e\000r\000f\000a\000c\000e}{chapter.3}% 18
\BOOKMARK [1][-]{section.3.2}{\376\377\000K\000e\000y\000b\000o\000a\000r\000d}{chapter.3}% 19
\BOOKMARK [1][-]{section.3.3}{\376\377\000U\000S\000B\000\040\000H\000u\000b}{chapter.3}% 20
\BOOKMARK [1][-]{section.3.4}{\376\377\000P\000o\000w\000e\000r\000\040\000T\000r\000e\000e}{chapter.3}% 21
\BOOKMARK [0][-]{chapter.4}{\376\377\000C\000i\000r\000c\000u\000i\000t\000\040\000D\000e\000s\000i\000g\000n}{}% 22
\BOOKMARK [1][-]{section.4.1}{\376\377\000P\000o\000w\000e\000r}{chapter.4}% 23
\BOOKMARK [1][-]{section.4.2}{\376\377\000K\000e\000y\000b\000o\000a\000r\000d}{chapter.4}% 24
\BOOKMARK [2][-]{subsection.4.2.1}{\376\377\000K\000e\000y\000s\000w\000i\000t\000c\000h\000e\000s}{section.4.2}% 25
\BOOKMARK [2][-]{subsection.4.2.2}{\376\377\000L\000E\000D\000\040\000L\000i\000g\000h\000t\000i\000n\000g}{section.4.2}% 26
\BOOKMARK [1][-]{section.4.3}{\376\377\000M\000i\000c\000r\000o\000c\000o\000n\000t\000r\000o\000l\000l\000e\000r}{chapter.4}% 27
\BOOKMARK [1][-]{section.4.4}{\376\377\000U\000S\000B\000\040\000H\000u\000b}{chapter.4}% 28
\BOOKMARK [2][-]{subsection.4.4.1}{\376\377\000U\000S\000B\000\040\000C\000o\000n\000t\000r\000o\000l\000l\000e\000r}{section.4.4}% 29
\BOOKMARK [2][-]{subsection.4.4.2}{\376\377\000U\000p\000s\000t\000r\000e\000a\000m\000\040\000P\000o\000r\000t}{section.4.4}% 30
\BOOKMARK [2][-]{subsection.4.4.3}{\376\377\000D\000o\000w\000n\000s\000t\000r\000e\000a\000m\000\040\000P\000o\000r\000t\000s}{section.4.4}% 31
\BOOKMARK [0][-]{chapter.5}{\376\377\000P\000C\000B\000\040\000D\000e\000s\000i\000g\000n}{}% 32
\BOOKMARK [0][-]{chapter.6}{\376\377\000V\000e\000r\000i\000f\000i\000c\000a\000t\000i\000o\000n}{}% 33
